DiagnosticsPluginLauncher.exe Information: 0 : [12/26/2015 18:50:11] At least one other instance of the launcher is running. Will wait until they all finish
DiagnosticsPluginLauncher.exe Information: 0 : [12/26/2015 18:50:11] Service running in Emulator Mode, will not wait/kill other instances of the launcher
DiagnosticsPluginLauncher.exe Information: 0 : [12/26/2015 18:50:11] Emulator config file set to C:\Users\victor\Source\Repos\Hahiti\Hahiti\csx\Debug\roles\REST API\approot\diagnostics.wadcfgx
DiagnosticsPluginLauncher.exe Information: 0 : [12/26/2015 18:50:11] DiagnosticsStoreRootPath set to: C:\Users\victor\Source\Repos\Hahiti\Hahiti\csx\Debug\roles\REST API\approot
DiagnosticsPluginLauncher.exe Information: 0 : [12/26/2015 18:50:11] Loading config file: C:\Users\victor\Source\Repos\Hahiti\Hahiti\csx\Debug\roles\REST API\approot\diagnostics.wadcfgx
DiagnosticsPluginLauncher.exe Information: 0 : [12/26/2015 18:50:11] Config file to read: C:\Users\victor\Source\Repos\Hahiti\Hahiti\csx\Debug\roles\REST API\approot\diagnostics.wadcfgx
DiagnosticsPluginLauncher.exe Information: 0 : [12/26/2015 18:50:11] Checking VM Type
DiagnosticsPluginLauncher.exe Information: 0 : [12/26/2015 18:50:11] Emulator config file set to C:\Users\victor\Source\Repos\Hahiti\Hahiti\csx\Debug\roles\REST API\approot\diagnostics.wadcfgx
DiagnosticsPluginLauncher.exe Information: 0 : [12/26/2015 18:50:11] Extension set to Emulator Mode
DiagnosticsPluginLauncher.exe Information: 0 : [12/26/2015 18:50:11] Reading XML configuration file
DiagnosticsPluginLauncher.exe Information: 0 : [12/26/2015 18:50:11] Bypassing private config decryption
DiagnosticsPluginLauncher.exe Information: 0 : [12/26/2015 18:50:11] Stopping the running plugin, if any
DiagnosticsPluginLauncher.exe Information: 0 : [12/26/2015 18:50:12] Found a DiagnosticsPlugin.exe. WadArguments: "C:\Users\victor\Source\Repos\Hahiti\Hahiti\csx\Debug\roles\Report Analyzer\plugins\Diagnostics\DiagnosticsPlugin.exe" DiagnosticPlugin-ShutdownEvent DiagnosticPlugin-TotalShutdownEvent -wadVer1v5.
DiagnosticsPluginLauncher.exe Information: 0 : [12/26/2015 18:50:12] Loading config file: C:\Users\victor\Source\Repos\Hahiti\Hahiti\csx\Debug\roles\REST API\approot\diagnostics.wadcfgx
DiagnosticsPluginLauncher.exe Information: 0 : [12/26/2015 18:50:12] Config file to read: C:\Users\victor\Source\Repos\Hahiti\Hahiti\csx\Debug\roles\REST API\approot\diagnostics.wadcfgx
DiagnosticsPluginLauncher.exe Information: 0 : [12/26/2015 18:50:12] Reading XML configuration file
DiagnosticsPluginLauncher.exe Information: 0 : [12/26/2015 18:50:12] Bypassing private config decryption
DiagnosticsPluginLauncher.exe Information: 0 : [12/26/2015 18:50:12] Killing any DiagnosticsPlugin that might remain.
DiagnosticsPluginLauncher.exe Information: 0 : [12/26/2015 18:50:12] Found a DiagnosticsPlugin.exe. WadArguments: "C:\Users\victor\Source\Repos\Hahiti\Hahiti\csx\Debug\roles\Report Analyzer\plugins\Diagnostics\DiagnosticsPlugin.exe" DiagnosticPlugin-ShutdownEvent DiagnosticPlugin-TotalShutdownEvent -wadVer1v5.
DiagnosticsPluginLauncher.exe Information: 0 : [12/26/2015 18:51:05] Found a DiagnosticsPlugin.exe. WadArguments: "C:\Users\victor\Source\Repos\Hahiti\Hahiti\csx\Debug\roles\Notifications Manager\plugins\Diagnostics\DiagnosticsPlugin.exe" DiagnosticPlugin-ShutdownEvent DiagnosticPlugin-TotalShutdownEvent -wadVer1v5.
DiagnosticsPluginLauncher.exe Error: 0 : [12/26/2015 18:51:05] Process with an Id of 6808 is not running.
DiagnosticsPluginLauncher.exe Information: 0 : [12/26/2015 18:51:05] Killing any MonAgentHost that might remain.
DiagnosticsPluginLauncher.exe Information: 0 : [12/26/2015 18:51:06] Diagnostics plugin stopped successfully
DiagnosticsPluginLauncher.exe Information: 0 : [12/26/2015 18:51:06] Resetting DiagnosticPlugin
