DiagnosticsPluginLauncher.exe Information: 0 : [1/8/2016 18:02:45] At least one other instance of the launcher is running. Will wait until they all finish
DiagnosticsPluginLauncher.exe Information: 0 : [1/8/2016 18:02:45] Service running in Emulator Mode, will not wait/kill other instances of the launcher
DiagnosticsPluginLauncher.exe Information: 0 : [1/8/2016 18:02:45] Emulator config file set to C:\Users\victor\Source\Repos\Hahiti\Hahiti\csx\Debug\roles\Statistics Collector\approot\diagnostics.wadcfgx
DiagnosticsPluginLauncher.exe Information: 0 : [1/8/2016 18:02:45] DiagnosticsStoreRootPath set to: C:\Users\victor\Source\Repos\Hahiti\Hahiti\csx\Debug\roles\Statistics Collector\approot
DiagnosticsPluginLauncher.exe Information: 0 : [1/8/2016 18:02:45] Loading config file: C:\Users\victor\Source\Repos\Hahiti\Hahiti\csx\Debug\roles\Statistics Collector\approot\diagnostics.wadcfgx
DiagnosticsPluginLauncher.exe Information: 0 : [1/8/2016 18:02:45] Config file to read: C:\Users\victor\Source\Repos\Hahiti\Hahiti\csx\Debug\roles\Statistics Collector\approot\diagnostics.wadcfgx
DiagnosticsPluginLauncher.exe Information: 0 : [1/8/2016 18:02:45] Checking VM Type
DiagnosticsPluginLauncher.exe Information: 0 : [1/8/2016 18:02:45] Emulator config file set to C:\Users\victor\Source\Repos\Hahiti\Hahiti\csx\Debug\roles\Statistics Collector\approot\diagnostics.wadcfgx
DiagnosticsPluginLauncher.exe Information: 0 : [1/8/2016 18:02:45] Extension set to Emulator Mode
DiagnosticsPluginLauncher.exe Information: 0 : [1/8/2016 18:02:45] Reading XML configuration file
DiagnosticsPluginLauncher.exe Information: 0 : [1/8/2016 18:02:45] Bypassing private config decryption
DiagnosticsPluginLauncher.exe Information: 0 : [1/8/2016 18:02:45] Stopping the running plugin, if any
DiagnosticsPluginLauncher.exe Information: 0 : [1/8/2016 18:02:46] Found a DiagnosticsPlugin.exe. WadArguments: "C:\Users\victor\Source\Repos\Hahiti\Hahiti\csx\Debug\roles\Notifications Manager\plugins\Diagnostics\DiagnosticsPlugin.exe" DiagnosticPlugin-ShutdownEvent DiagnosticPlugin-TotalShutdownEvent -wadVer1v5.
DiagnosticsPluginLauncher.exe Information: 0 : [1/8/2016 18:02:46] Found a DiagnosticsPlugin.exe. WadArguments: "C:\Users\victor\Source\Repos\Hahiti\Hahiti\csx\Debug\roles\Report Analyzer\plugins\Diagnostics\DiagnosticsPlugin.exe" DiagnosticPlugin-ShutdownEvent DiagnosticPlugin-TotalShutdownEvent -wadVer1v5.
DiagnosticsPluginLauncher.exe Information: 0 : [1/8/2016 18:02:46] Found a DiagnosticsPlugin.exe. WadArguments: "C:\Users\victor\Source\Repos\Hahiti\Hahiti\csx\Debug\roles\REST API\plugins\Diagnostics\DiagnosticsPlugin.exe" DiagnosticPlugin-ShutdownEvent DiagnosticPlugin-TotalShutdownEvent -wadVer1v5.
DiagnosticsPluginLauncher.exe Information: 0 : [1/8/2016 18:02:46] Loading config file: C:\Users\victor\Source\Repos\Hahiti\Hahiti\csx\Debug\roles\Statistics Collector\approot\diagnostics.wadcfgx
DiagnosticsPluginLauncher.exe Information: 0 : [1/8/2016 18:02:46] Config file to read: C:\Users\victor\Source\Repos\Hahiti\Hahiti\csx\Debug\roles\Statistics Collector\approot\diagnostics.wadcfgx
DiagnosticsPluginLauncher.exe Information: 0 : [1/8/2016 18:02:46] Reading XML configuration file
DiagnosticsPluginLauncher.exe Information: 0 : [1/8/2016 18:02:46] Bypassing private config decryption
DiagnosticsPluginLauncher.exe Information: 0 : [1/8/2016 18:02:46] Killing any DiagnosticsPlugin that might remain.
DiagnosticsPluginLauncher.exe Information: 0 : [1/8/2016 18:02:46] Found a DiagnosticsPlugin.exe. WadArguments: "C:\Users\victor\Source\Repos\Hahiti\Hahiti\csx\Debug\roles\Notifications Manager\plugins\Diagnostics\DiagnosticsPlugin.exe" DiagnosticPlugin-ShutdownEvent DiagnosticPlugin-TotalShutdownEvent -wadVer1v5.
DiagnosticsPluginLauncher.exe Information: 0 : [1/8/2016 18:03:46] Forcefully terminated DiagnosticsPlugin.exe process with pid 10752
DiagnosticsPluginLauncher.exe Information: 0 : [1/8/2016 18:03:46] Found a DiagnosticsPlugin.exe. WadArguments: "C:\Users\victor\Source\Repos\Hahiti\Hahiti\csx\Debug\roles\Report Analyzer\plugins\Diagnostics\DiagnosticsPlugin.exe" DiagnosticPlugin-ShutdownEvent DiagnosticPlugin-TotalShutdownEvent -wadVer1v5.
