DiagnosticsPlugin.exe Information: 0 : [12/26/2015 17:09:09] Starting DiagnosticPlugin.exe DiagnosticPlugin-ShutdownEvent DiagnosticPlugin-TotalShutdownEvent -wadVer1v5
DiagnosticsPlugin.exe Information: 0 : [12/26/2015 17:09:09] Successfully saved IIS Directory state
DiagnosticsPlugin.exe Information: 0 : [12/26/2015 17:09:09] Starting DiagnosticsPlugin
DiagnosticsPlugin.exe Information: 0 : [12/26/2015 17:09:09] Emulator config file set to C:\Users\victor\Source\Repos\Hahiti\Hahiti\csx\Debug\roles\Report Analyzer\approot\diagnostics.wadcfgx
DiagnosticsPlugin.exe Information: 0 : [12/26/2015 17:09:09] DiagnosticsStoreRootPath set to: C:\Users\victor\Source\Repos\Hahiti\Hahiti\csx\Debug\roles\Report Analyzer\approot
DiagnosticsPlugin.exe Information: 0 : [12/26/2015 17:09:09] Loading config file: C:\Users\victor\Source\Repos\Hahiti\Hahiti\csx\Debug\roles\Report Analyzer\approot\diagnostics.wadcfgx
DiagnosticsPlugin.exe Information: 0 : [12/26/2015 17:09:09] Config file to read: C:\Users\victor\Source\Repos\Hahiti\Hahiti\csx\Debug\roles\Report Analyzer\approot\diagnostics.wadcfgx
DiagnosticsPlugin.exe Information: 0 : [12/26/2015 17:09:09] Checking VM Type
DiagnosticsPlugin.exe Information: 0 : [12/26/2015 17:09:09] Emulator config file set to C:\Users\victor\Source\Repos\Hahiti\Hahiti\csx\Debug\roles\Report Analyzer\approot\diagnostics.wadcfgx
DiagnosticsPlugin.exe Information: 0 : [12/26/2015 17:09:09] Extension set to Emulator Mode
DiagnosticsPlugin.exe Information: 0 : [12/26/2015 17:09:09] Reading XML configuration file
DiagnosticsPlugin.exe Information: 0 : [12/26/2015 17:09:09] Bypassing private config decryption
DiagnosticsPlugin.exe Information: 0 : [12/26/2015 17:09:09] WadCfg is provided in initial configuration. Using that to initialize Diagnostics.
DiagnosticsPlugin.exe Information: 0 : [12/26/2015 17:09:09] <PublicConfig xmlns="http://schemas.microsoft.com/ServiceHosting/2010/10/DiagnosticsConfiguration">
  <WadCfg>
    <DiagnosticMonitorConfiguration overallQuotaInMB="4096">
      <DiagnosticInfrastructureLogs scheduledTransferLogLevelFilter="Error" />
      <Logs scheduledTransferPeriod="PT1M" scheduledTransferLogLevelFilter="Error" />
      <Directories scheduledTransferPeriod="PT1M">
        <IISLogs containerName="wad-iis-logfiles" />
        <FailedRequestLogs containerName="wad-failedrequestlogs" />
      </Directories>
      <WindowsEventLog scheduledTransferPeriod="PT1M">
        <DataSource name="Application!*[System[(Level=1 or Level=2)]]" />
        <DataSource name="Windows Azure!*[System[(Level=1 or Level=2)]]" />
      </WindowsEventLog>
      <CrashDumps containerName="wad-crashdumps" dumpType="Mini">
        <CrashDumpConfiguration processName="WaIISHost.exe" />
        <CrashDumpConfiguration processName="WaWorkerHost.exe" />
        <CrashDumpConfiguration processName="w3wp.exe" />
      </CrashDumps>
      <PerformanceCounters scheduledTransferPeriod="PT1M">
        <PerformanceCounterConfiguration counterSpecifier="\Memory\Available MBytes" sampleRate="PT3M" />
        <PerformanceCounterConfiguration counterSpecifier="\Web Service(_Total)\ISAPI Extension Requests/sec" sampleRate="PT3M" />
        <PerformanceCounterConfiguration counterSpecifier="\Web Service(_Total)\Bytes Total/Sec" sampleRate="PT3M" />
        <PerformanceCounterConfiguration counterSpecifier="\ASP.NET Applications(__Total__)\Requests/Sec" sampleRate="PT3M" />
        <PerformanceCounterConfiguration counterSpecifier="\ASP.NET Applications(__Total__)\Errors Total/Sec" sampleRate="PT3M" />
        <PerformanceCounterConfiguration counterSpecifier="\ASP.NET\Requests Queued" sampleRate="PT3M" />
        <PerformanceCounterConfiguration counterSpecifier="\ASP.NET\Requests Rejected" sampleRate="PT3M" />
        <PerformanceCounterConfiguration counterSpecifier="\Processor(_Total)\% Processor Time" sampleRate="PT3M" />
      </PerformanceCounters>
    </DiagnosticMonitorConfiguration>
  </WadCfg>
  <StorageAccount>devstoreaccount1</StorageAccount>
</PublicConfig>
DiagnosticsPlugin.exe Information: 0 : [12/26/2015 17:09:09] Private setting is loaded
DiagnosticsPlugin.exe Information: 0 : [12/26/2015 17:09:09] Is config json/xml loaded
DiagnosticsPlugin.exe Information: 0 : [12/26/2015 17:09:10] Successfully created checkpoint file C:\Users\victor\Source\Repos\Hahiti\Hahiti\csx\Debug\roles\Report Analyzer\approot\WAD0105\Configuration\Checkpoint.txt
DiagnosticsPlugin.exe Information: 0 : [12/26/2015 17:09:10] Will use local resource directory C:\Users\victor\Source\Repos\Hahiti\Hahiti\csx\Debug\roles\Report Analyzer\approot\WAD0105
DiagnosticsPlugin.exe Information: 0 : [12/26/2015 17:09:10] Will use endpoint https://core.windows.net for storage.
DiagnosticsPlugin.exe Information: 0 : [12/26/2015 17:09:11] Expanding path %SystemDrive%\inetpub\logs\LogFiles to C:\inetpub\logs\LogFiles
DiagnosticsPlugin.exe Information: 0 : [12/26/2015 17:09:11] Expanding path %SystemDrive%\inetpub\logs\FailedReqLogFiles to C:\inetpub\logs\FailedReqLogFiles
DiagnosticsPlugin.exe Information: 0 : [12/26/2015 17:09:11] Created IIS log watch item: "C:\inetpub\logs\LogFiles"
DiagnosticsPlugin.exe Information: 0 : [12/26/2015 17:09:11] Created IIS failed requests watch item: "C:\inetpub\logs\FailedReqLogFiles"
DiagnosticsPlugin.exe Information: 0 : [12/26/2015 17:09:11] Running in emulator mode, crash dumps not enabled
DiagnosticsPlugin.exe Information: 0 : [12/26/2015 17:09:11] Checking to see if Application Insights extension needs to be configured.
DiagnosticsPlugin.exe Information: 0 : [12/26/2015 17:09:11] In emulator mode and using devstore updating XStoreAccount info, command line args: -LocalPath "C:\Users\victor\Source\Repos\Hahiti\Hahiti\csx\Debug\roles\Report Analyzer\approot\WAD0105"  -ConfigFile "C:\Users\victor\Source\Repos\Hahiti\Hahiti\csx\Debug\roles\Report Analyzer\approot\WAD0105\Configuration\MaConfig.xml" -ShutDownEvent WADDM-ShutDown-48ba801cd1ff4d6da22a67cbe3cf665e  -TotalShutDownEvent WADDM-TotalShutDown-48ba801cd1ff4d6da22a67cbe3cf665e -InitializedEvent WADM-StartUp-48ba801cd1ff4d6da22a67cbe3cf665e -parent 7796 -events -wadVer1v5 -UseProxyServer -XStoreAccounts WadAccount#true#devstoreaccount1#Eby8vdM02xNOcqFlqUwJPLlmEtlCDXJ1OUzFT50uSRZ6IFsuFq2UVErCz4I6tq/K1SZFPTOtr/KBHBeksoGMGw==#http://127.0.0.1:10002#http://127.0.0.1:10001#http://127.0.0.1:10000
DiagnosticsPlugin.exe Information: 0 : [12/26/2015 17:10:11] MonAgentHost.exe started
DiagnosticsPlugin.exe Information: 0 : [12/26/2015 17:10:11] DiagnoticsPlugin started.
DiagnosticsPlugin.exe Information: 0 : [12/26/2015 17:10:11] DiagnoticsPlugin now waiting on events "DiagnosticPlugin-ShutdownEvent", "DiagnosticPlugin-TotalShutdownEvent" or "DiagnosticPlugin-RestartEvent".
DiagnosticsPlugin.exe Information: 0 : [12/26/2015 17:10:18] Total shutdown event signaled.
DiagnosticsPlugin.exe Information: 0 : [12/26/2015 17:10:27] Exiting Diagnostics.
DiagnosticsPlugin.exe Information: 0 : [12/26/2015 17:10:27] DiagnosticPlugin.exe exit with code 0
